[02:17:20] [Server thread/INFO]: Starting minecraft server version 1.15.2
[02:17:20] [Server thread/INFO]: Loading properties
[02:17:20] [Server console handler/ERROR]: Exception handling console input
java.io.IOException: O identificador é inválido
	at java.io.FileInputStream.readBytes(Native Method) ~[?:?]
	at java.io.FileInputStream.read(FileInputStream.java:273) ~[?:?]
	at java.io.BufferedInputStream.fill(BufferedInputStream.java:245) ~[?:?]
	at java.io.BufferedInputStream.read(BufferedInputStream.java:264) ~[?:?]
	at org.bukkit.craftbukkit.libs.jline.internal.NonBlockingInputStream.read(NonBlockingInputStream.java:248) ~[spigot-1.15.2.jar:git-Spigot-800b93f-8160e29]
	at org.bukkit.craftbukkit.libs.jline.internal.InputStreamReader.read(InputStreamReader.java:261) ~[spigot-1.15.2.jar:git-Spigot-800b93f-8160e29]
	at org.bukkit.craftbukkit.libs.jline.internal.InputStreamReader.read(InputStreamReader.java:198) ~[spigot-1.15.2.jar:git-Spigot-800b93f-8160e29]
	at org.bukkit.craftbukkit.libs.jline.console.ConsoleReader.readCharacter(ConsoleReader.java:2145) ~[spigot-1.15.2.jar:git-Spigot-800b93f-8160e29]
	at org.bukkit.craftbukkit.libs.jline.console.ConsoleReader.readLineSimple(ConsoleReader.java:3183) ~[spigot-1.15.2.jar:git-Spigot-800b93f-8160e29]
	at org.bukkit.craftbukkit.libs.jline.console.ConsoleReader.readLine(ConsoleReader.java:2333) ~[spigot-1.15.2.jar:git-Spigot-800b93f-8160e29]
	at org.bukkit.craftbukkit.libs.jline.console.ConsoleReader.readLine(ConsoleReader.java:2269) ~[spigot-1.15.2.jar:git-Spigot-800b93f-8160e29]
	at org.bukkit.craftbukkit.libs.jline.console.ConsoleReader.readLine(ConsoleReader.java:2257) ~[spigot-1.15.2.jar:git-Spigot-800b93f-8160e29]
	at net.minecraft.server.v1_15_R1.DedicatedServer$2.run(DedicatedServer.java:98) [spigot-1.15.2.jar:git-Spigot-800b93f-8160e29]
[02:17:21] [Server thread/INFO]: This server is running CraftBukkit version git-Spigot-800b93f-8160e29 (MC: 1.15.2) (Implementing API version 1.15.2-R0.1-SNAPSHOT)
[02:17:21] [Server thread/INFO]: Debug logging is disabled
[02:17:21] [Server thread/INFO]: Server Ping Player Sample Count: 12

[02:17:21] [Server thread/INFO]: Using 4 threads for Netty based IO
[02:17:21] [Server thread/INFO]: Default game type: SURVIVAL
[02:17:21] [Server thread/INFO]: Generating keypair
[02:17:22] [Server thread/INFO]: Starting Minecraft server on 127.0.0.1:25565
[02:17:22] [Server thread/INFO]: Using default channel type
[02:17:28] [Server thread/WARN]: Plugin TheCrimsCraft v1.0 does not specify an api-version.
[02:17:28] [Server thread/INFO]: [TheCrimsCraft] Loading TheCrimsCraft v1.0
[02:17:28] [Server thread/WARN]: **** SERVER IS RUNNING IN OFFLINE/INSECURE MODE!
[02:17:28] [Server thread/WARN]: The server will make no attempt to authenticate usernames. Beware.
[02:17:28] [Server thread/WARN]: While this makes the game possible to play without internet access, it also opens up the ability for hackers to connect with any username they choose.
[02:17:28] [Server thread/WARN]: To change this, set "online-mode" to "true" in the server.properties file.
[02:17:28] [Server thread/INFO]: Preparing level "world"
[02:17:28] [Server thread/INFO]: Reloading ResourceManager: Default, bukkit
[02:17:28] [Server thread/INFO]: Loaded 6 recipes
[02:17:29] [Server thread/INFO]: -------- World Settings For [world] --------
[02:17:29] [Server thread/INFO]: View Distance: 10
[02:17:29] [Server thread/INFO]: Allow Zombie Pigmen to spawn from portal blocks: true
[02:17:29] [Server thread/INFO]: Arrow Despawn Rate: 1200 Trident Respawn Rate:1200
[02:17:29] [Server thread/INFO]: Item Despawn Rate: 6000
[02:17:29] [Server thread/INFO]: Item Merge Radius: 2.5
[02:17:29] [Server thread/INFO]: Nerfing mobs spawned from spawners: false
[02:17:29] [Server thread/INFO]: Zombie Aggressive Towards Villager: true
[02:17:29] [Server thread/INFO]: Mob Spawn Range: 6
[02:17:29] [Server thread/INFO]: Experience Merge Radius: 3.0
[02:17:29] [Server thread/INFO]: Cactus Growth Modifier: 100%
[02:17:29] [Server thread/INFO]: Cane Growth Modifier: 100%
[02:17:29] [Server thread/INFO]: Melon Growth Modifier: 100%
[02:17:29] [Server thread/INFO]: Mushroom Growth Modifier: 100%
[02:17:29] [Server thread/INFO]: Pumpkin Growth Modifier: 100%
[02:17:29] [Server thread/INFO]: Sapling Growth Modifier: 100%
[02:17:29] [Server thread/INFO]: Beetroot Growth Modifier: 100%
[02:17:29] [Server thread/INFO]: Carrot Growth Modifier: 100%
[02:17:29] [Server thread/INFO]: Potato Growth Modifier: 100%
[02:17:29] [Server thread/INFO]: Wheat Growth Modifier: 100%
[02:17:29] [Server thread/INFO]: NetherWart Growth Modifier: 100%
[02:17:29] [Server thread/INFO]: Vine Growth Modifier: 100%
[02:17:29] [Server thread/INFO]: Cocoa Growth Modifier: 100%
[02:17:29] [Server thread/INFO]: Bamboo Growth Modifier: 100%
[02:17:29] [Server thread/INFO]: SweetBerry Growth Modifier: 100%
[02:17:29] [Server thread/INFO]: Kelp Growth Modifier: 100%
[02:17:29] [Server thread/INFO]: Entity Activation Range: An 32 / Mo 32 / Ra 48 / Mi 16 / Tiv true
[02:17:29] [Server thread/INFO]: Custom Map Seeds:  Village: 10387312 Desert: 14357617 Igloo: 14357618 Jungle: 14357619 Swamp: 14357620 Monument: 10387313Ocean: 14357621 Shipwreck: 165745295 Slime: 987234911
[02:17:29] [Server thread/INFO]: Hopper Transfer: 8 Hopper Check: 1 Hopper Amount: 1
[02:17:29] [Server thread/INFO]: Entity Tracking Range: Pl 48 / An 48 / Mo 48 / Mi 32 / Other 64
[02:17:29] [Server thread/INFO]: Max TNT Explosions: 100
[02:17:29] [Server thread/INFO]: Tile Max Tick Time: 50ms Entity max Tick Time: 50ms
[02:17:29] [Server thread/INFO]: -------- World Settings For [world_nether] --------
[02:17:29] [Server thread/INFO]: View Distance: 10
[02:17:29] [Server thread/INFO]: Allow Zombie Pigmen to spawn from portal blocks: true
[02:17:29] [Server thread/INFO]: Arrow Despawn Rate: 1200 Trident Respawn Rate:1200
[02:17:29] [Server thread/INFO]: Item Despawn Rate: 6000
[02:17:29] [Server thread/INFO]: Item Merge Radius: 2.5
[02:17:29] [Server thread/INFO]: Nerfing mobs spawned from spawners: false
[02:17:29] [Server thread/INFO]: Zombie Aggressive Towards Villager: true
[02:17:29] [Server thread/INFO]: Mob Spawn Range: 6
[02:17:29] [Server thread/INFO]: Experience Merge Radius: 3.0
[02:17:29] [Server thread/INFO]: Cactus Growth Modifier: 100%
[02:17:29] [Server thread/INFO]: Cane Growth Modifier: 100%
[02:17:29] [Server thread/INFO]: Melon Growth Modifier: 100%
[02:17:29] [Server thread/INFO]: Mushroom Growth Modifier: 100%
[02:17:29] [Server thread/INFO]: Pumpkin Growth Modifier: 100%
[02:17:29] [Server thread/INFO]: Sapling Growth Modifier: 100%
[02:17:29] [Server thread/INFO]: Beetroot Growth Modifier: 100%
[02:17:29] [Server thread/INFO]: Carrot Growth Modifier: 100%
[02:17:29] [Server thread/INFO]: Potato Growth Modifier: 100%
[02:17:29] [Server thread/INFO]: Wheat Growth Modifier: 100%
[02:17:29] [Server thread/INFO]: NetherWart Growth Modifier: 100%
[02:17:29] [Server thread/INFO]: Vine Growth Modifier: 100%
[02:17:29] [Server thread/INFO]: Cocoa Growth Modifier: 100%
[02:17:29] [Server thread/INFO]: Bamboo Growth Modifier: 100%
[02:17:29] [Server thread/INFO]: SweetBerry Growth Modifier: 100%
[02:17:29] [Server thread/INFO]: Kelp Growth Modifier: 100%
[02:17:29] [Server thread/INFO]: Entity Activation Range: An 32 / Mo 32 / Ra 48 / Mi 16 / Tiv true
[02:17:29] [Server thread/INFO]: Custom Map Seeds:  Village: 10387312 Desert: 14357617 Igloo: 14357618 Jungle: 14357619 Swamp: 14357620 Monument: 10387313Ocean: 14357621 Shipwreck: 165745295 Slime: 987234911
[02:17:29] [Server thread/INFO]: Hopper Transfer: 8 Hopper Check: 1 Hopper Amount: 1
[02:17:29] [Server thread/INFO]: Entity Tracking Range: Pl 48 / An 48 / Mo 48 / Mi 32 / Other 64
[02:17:29] [Server thread/INFO]: Max TNT Explosions: 100
[02:17:29] [Server thread/INFO]: Tile Max Tick Time: 50ms Entity max Tick Time: 50ms
[02:17:29] [Server thread/INFO]: -------- World Settings For [world_the_end] --------
[02:17:29] [Server thread/INFO]: View Distance: 10
[02:17:29] [Server thread/INFO]: Allow Zombie Pigmen to spawn from portal blocks: true
[02:17:29] [Server thread/INFO]: Arrow Despawn Rate: 1200 Trident Respawn Rate:1200
[02:17:29] [Server thread/INFO]: Item Despawn Rate: 6000
[02:17:29] [Server thread/INFO]: Item Merge Radius: 2.5
[02:17:29] [Server thread/INFO]: Nerfing mobs spawned from spawners: false
[02:17:29] [Server thread/INFO]: Zombie Aggressive Towards Villager: true
[02:17:29] [Server thread/INFO]: Mob Spawn Range: 6
[02:17:29] [Server thread/INFO]: Experience Merge Radius: 3.0
[02:17:29] [Server thread/INFO]: Cactus Growth Modifier: 100%
[02:17:29] [Server thread/INFO]: Cane Growth Modifier: 100%
[02:17:29] [Server thread/INFO]: Melon Growth Modifier: 100%
[02:17:29] [Server thread/INFO]: Mushroom Growth Modifier: 100%
[02:17:29] [Server thread/INFO]: Pumpkin Growth Modifier: 100%
[02:17:29] [Server thread/INFO]: Sapling Growth Modifier: 100%
[02:17:29] [Server thread/INFO]: Beetroot Growth Modifier: 100%
[02:17:29] [Server thread/INFO]: Carrot Growth Modifier: 100%
[02:17:29] [Server thread/INFO]: Potato Growth Modifier: 100%
[02:17:29] [Server thread/INFO]: Wheat Growth Modifier: 100%
[02:17:29] [Server thread/INFO]: NetherWart Growth Modifier: 100%
[02:17:29] [Server thread/INFO]: Vine Growth Modifier: 100%
[02:17:29] [Server thread/INFO]: Cocoa Growth Modifier: 100%
[02:17:29] [Server thread/INFO]: Bamboo Growth Modifier: 100%
[02:17:29] [Server thread/INFO]: SweetBerry Growth Modifier: 100%
[02:17:29] [Server thread/INFO]: Kelp Growth Modifier: 100%
[02:17:29] [Server thread/INFO]: Entity Activation Range: An 32 / Mo 32 / Ra 48 / Mi 16 / Tiv true
[02:17:29] [Server thread/INFO]: Custom Map Seeds:  Village: 10387312 Desert: 14357617 Igloo: 14357618 Jungle: 14357619 Swamp: 14357620 Monument: 10387313Ocean: 14357621 Shipwreck: 165745295 Slime: 987234911
[02:17:29] [Server thread/INFO]: Hopper Transfer: 8 Hopper Check: 1 Hopper Amount: 1
[02:17:29] [Server thread/INFO]: Entity Tracking Range: Pl 48 / An 48 / Mo 48 / Mi 32 / Other 64
[02:17:29] [Server thread/INFO]: Max TNT Explosions: 100
[02:17:29] [Server thread/INFO]: Tile Max Tick Time: 50ms Entity max Tick Time: 50ms
[02:17:29] [Server thread/INFO]: Preparing start region for dimension 'world'/minecraft:overworld
[02:17:30] [Server thread/INFO]: Preparing spawn area: 0%
[02:17:30] [Server thread/INFO]: Preparing spawn area: 0%
[02:17:30] [Server thread/INFO]: Preparing spawn area: 54%
[02:17:30] [Server thread/INFO]: Time elapsed: 1109 ms
[02:17:30] [Server thread/INFO]: Preparing start region for dimension 'world_nether'/minecraft:the_nether
[02:17:30] [Server thread/INFO]: Preparing spawn area: 0%
[02:17:30] [Server thread/INFO]: Preparing spawn area: 0%
[02:17:31] [Server-Worker-3/INFO]: Preparing spawn area: 83%
[02:17:31] [Server-Worker-5/INFO]: Preparing spawn area: 83%
[02:17:32] [Server-Worker-4/INFO]: Preparing spawn area: 86%
[02:17:32] [Server-Worker-1/INFO]: Preparing spawn area: 96%
[02:17:33] [Server thread/INFO]: Time elapsed: 2584 ms
[02:17:33] [Server thread/INFO]: Preparing start region for dimension 'world_the_end'/minecraft:the_end
[02:17:33] [Server thread/INFO]: Preparing spawn area: 0%
[02:17:33] [Server-Worker-2/INFO]: Preparing spawn area: 83%
[02:17:33] [Server thread/INFO]: Time elapsed: 884 ms
[02:17:33] [Server thread/INFO]: [TheCrimsCraft] Enabling TheCrimsCraft v1.0
[02:17:33] [Server thread/INFO]: TheCrimsCraft started

[02:17:33] [Server thread/INFO]: Server permissions file permissions.yml is empty, ignoring it
[02:17:33] [Server thread/INFO]: Done (5.588s)! For help, type "help"
[02:17:49] [User Authenticator #1/INFO]: UUID of player whaiiz is 56f3b7e4-6bef-396a-a376-5c12ec514a40
[02:17:49] [Server thread/INFO]: whaiiz[/127.0.0.1:7502] logged in with entity id 140 at ([world]167.69877254819846, 68.0, 92.2985342640502)
[02:18:00] [Server thread/INFO]: whaiiz issued server command: /storetheft
[02:18:39] [Server thread/INFO]: whaiiz issued server command: /storetheftsetup 158 66 69
[02:18:46] [Server thread/INFO]: whaiiz issued server command: /storetheft
[02:18:46] [Server thread/WARN]: whaiiz moved too quickly! -9.512649861264066,-5.868143063393305,5.784146496239238
[02:19:08] [Server thread/INFO]: whaiiz issued server command: /help
[02:19:30] [Server thread/INFO]: Stopping server
[02:19:30] [Server thread/INFO]: [TheCrimsCraft] Disabling TheCrimsCraft v1.0
[02:19:30] [Server thread/INFO]: Shutting down..!

[02:19:30] [Server thread/INFO]: Saving players
[02:19:30] [Server thread/INFO]: whaiiz lost connection: Server closed
[02:19:30] [Server thread/INFO]: whaiiz left the game
[02:19:30] [Server thread/INFO]: Saving worlds
[02:19:30] [Server thread/INFO]: Saving chunks for level 'world'/minecraft:overworld
[02:19:31] [Server thread/INFO]: ThreadedAnvilChunkStorage (world): All chunks are saved
[02:19:31] [Server thread/INFO]: Saving chunks for level 'world_nether'/minecraft:the_nether
[02:19:32] [Server thread/INFO]: ThreadedAnvilChunkStorage (DIM-1): All chunks are saved
[02:19:32] [Server thread/INFO]: Saving chunks for level 'world_the_end'/minecraft:the_end
[02:19:32] [Server thread/INFO]: ThreadedAnvilChunkStorage (DIM1): All chunks are saved
[02:19:32] [Server thread/INFO]: ThreadedAnvilChunkStorage (world): All chunks are saved
[02:19:32] [Server thread/INFO]: ThreadedAnvilChunkStorage (DIM-1): All chunks are saved
[02:19:32] [Server thread/INFO]: ThreadedAnvilChunkStorage (DIM1): All chunks are saved
